<?xml version="1.0" encoding="UTF-8"?>
<!-- Generated by org.testng.reporters.JUnitReportReporter -->
<testsuite skipped="0" hostname="QSP-005" name="com.project.test.Wrongun_1" tests="1" failures="0" timestamp="30 Oct 2017 09:58:00 GMT" time="11.454" errors="0">
  <testcase name="Wrongun_12" time="11.454" classname="com.project.test.Wrongun_1"/>
</testsuite> <!-- com.project.test.Wrongun_1 -->
