<?xml version="1.0" encoding="UTF-8"?>
<!-- Generated by org.testng.reporters.JUnitReportReporter -->
<testsuite skipped="0" hostname="QSP-005" name="com.project.test.Tryhome" tests="1" failures="0" timestamp="30 Oct 2017 09:58:00 GMT" time="44.944" errors="0">
  <testcase name="Signin1" time="44.944" classname="com.project.test.Tryhome"/>
</testsuite> <!-- com.project.test.Tryhome -->
