<?xml version="1.0" encoding="UTF-8"?>
<!-- Generated by org.testng.reporters.JUnitReportReporter -->
<testsuite skipped="0" hostname="QSP-005" name="com.project.test.Entercountry" tests="1" failures="0" timestamp="30 Oct 2017 09:58:00 GMT" time="29.182" errors="0">
  <testcase name="abc" time="29.182" classname="com.project.test.Entercountry"/>
</testsuite> <!-- com.project.test.Entercountry -->
