<?xml version="1.0" encoding="UTF-8"?>
<!-- Generated by org.testng.reporters.JUnitReportReporter -->
<testsuite skipped="0" hostname="QSP-005" name="com.project.test.W_wishlist" tests="1" failures="0" timestamp="30 Oct 2017 09:58:00 GMT" time="25.353" errors="0">
  <testcase name="W_wishlist1" time="25.353" classname="com.project.test.W_wishlist"/>
</testsuite> <!-- com.project.test.W_wishlist -->
