<?xml version="1.0" encoding="UTF-8"?>
<!-- Generated by org.testng.reporters.JUnitReportReporter -->
<testsuite skipped="0" hostname="QSP-005" name="com.project.test.Shippingaddress_1" tests="1" failures="0" timestamp="30 Oct 2017 09:58:00 GMT" time="19.886" errors="0">
  <testcase name="Shippingaddress_12" time="19.886" classname="com.project.test.Shippingaddress_1"/>
</testsuite> <!-- com.project.test.Shippingaddress_1 -->
