<?xml version="1.0" encoding="UTF-8"?>
<!-- Generated by org.testng.reporters.JUnitReportReporter -->
<testsuite skipped="0" hostname="QSP-005" name="com.project.test.Nousername_1" tests="1" failures="0" timestamp="30 Oct 2017 09:58:00 GMT" time="9.316" errors="0">
  <testcase name="nouser" time="9.316" classname="com.project.test.Nousername_1"/>
</testsuite> <!-- com.project.test.Nousername_1 -->
