<?xml version="1.0" encoding="UTF-8"?>
<!-- Generated by org.testng.reporters.JUnitReportReporter -->
<testsuite skipped="0" hostname="QSP-005" name="com.project.test.Logout" tests="1" failures="0" timestamp="30 Oct 2017 09:58:00 GMT" time="16.649" errors="0">
  <testcase name="logoutTest" time="16.649" classname="com.project.test.Logout"/>
</testsuite> <!-- com.project.test.Logout -->
