<?xml version="1.0" encoding="UTF-8"?>
<!-- Generated by org.testng.reporters.JUnitReportReporter -->
<testsuite skipped="0" hostname="QSP-005" name="com.project.test.Signin" tests="1" failures="0" timestamp="30 Oct 2017 09:58:00 GMT" time="15.005" errors="0">
  <testcase name="Signin1" time="15.005" classname="com.project.test.Signin"/>
</testsuite> <!-- com.project.test.Signin -->
