<?xml version="1.0" encoding="UTF-8"?>
<!-- Generated by org.testng.reporters.JUnitReportReporter -->
<testsuite skipped="0" hostname="QSP-006" name="com.bluestone.test.WishListTest" tests="1" failures="0" timestamp="02 Nov 2017 11:23:48 GMT" time="26.130" errors="0">
  <testcase name="selectWish" time="26.130" classname="com.bluestone.test.WishListTest"/>
</testsuite> <!-- com.bluestone.test.WishListTest -->
