<?xml version="1.0" encoding="UTF-8"?>
<!-- Generated by org.testng.reporters.JUnitReportReporter -->
<testsuite skipped="0" name="com.bluestone.test.ScrollTest" tests="1" failures="0" timestamp="31 Oct 2017 05:55:29 GMT" time="22.348" errors="0">
  <testcase name="scroll" time="22.348" classname="com.bluestone.test.ScrollTest"/>
</testsuite> <!-- com.bluestone.test.ScrollTest -->
