<?xml version="1.0" encoding="UTF-8"?>
<!-- Generated by org.testng.reporters.JUnitReportReporter -->
<testsuite skipped="0" hostname="QSP-006" name="com.bluestone.test.WishOnAllProdTest" tests="1" failures="0" timestamp="02 Nov 2017 11:40:04 GMT" time="28.400" errors="0">
  <testcase name="allWish" time="28.400" classname="com.bluestone.test.WishOnAllProdTest"/>
</testsuite> <!-- com.bluestone.test.WishOnAllProdTest -->
