<?xml version="1.0" encoding="UTF-8"?>
<!-- Generated by org.testng.reporters.JUnitReportReporter -->
<testsuite skipped="0" name="com.bluestone.test.RemovefromCartTest" tests="1" failures="0" timestamp="03 Nov 2017 08:57:48 GMT" time="39.684" errors="0">
  <testcase name="removefrom" time="39.684" classname="com.bluestone.test.RemovefromCartTest"/>
</testsuite> <!-- com.bluestone.test.RemovefromCartTest -->
