<?xml version="1.0" encoding="UTF-8"?>
<!-- Generated by org.testng.reporters.JUnitReportReporter -->
<testsuite skipped="0" name="com.bluestone.test.CartTest" tests="1" failures="0" timestamp="03 Nov 2017 08:47:52 GMT" time="37.446" errors="0">
  <testcase name="view" time="37.446" classname="com.bluestone.test.CartTest"/>
</testsuite> <!-- com.bluestone.test.CartTest -->
