<?xml version="1.0" encoding="UTF-8"?>
<!-- Generated by org.testng.reporters.JUnitReportReporter -->
<testsuite skipped="0" hostname="QSP-006" name="com.bluestone.test.ViewMoreTest" tests="1" failures="0" timestamp="03 Nov 2017 06:03:05 GMT" time="37.872" errors="0">
  <testcase name="view" time="37.872" classname="com.bluestone.test.ViewMoreTest"/>
</testsuite> <!-- com.bluestone.test.ViewMoreTest -->
