<?xml version="1.0" encoding="UTF-8"?>
<!-- Generated by org.testng.reporters.JUnitReportReporter -->
<testsuite skipped="0" hostname="QSP-006" name="com.bluestone.test.DownloadAppTest" tests="1" failures="0" timestamp="03 Nov 2017 11:54:30 GMT" time="79.200" errors="0">
  <testcase name="download" time="79.200" classname="com.bluestone.test.DownloadAppTest"/>
</testsuite> <!-- com.bluestone.test.DownloadAppTest -->
