<?xml version="1.0" encoding="UTF-8"?>
<!-- Generated by org.testng.reporters.JUnitReportReporter -->
<testsuite skipped="0" name="com.bluestone.test.HomePageTest" tests="1" failures="0" timestamp="30 Oct 2017 11:02:43 GMT" time="48.582" errors="0">
  <testcase name="testValidLogin" time="48.582" classname="com.bluestone.test.HomePageTest"/>
</testsuite> <!-- com.bluestone.test.HomePageTest -->
