<?xml version="1.0" encoding="UTF-8"?>
<!-- Generated by org.testng.reporters.JUnitReportReporter -->
<testsuite skipped="0" name="com.bluestone.test.CoinsTest" tests="1" failures="0" timestamp="30 Oct 2017 11:32:02 GMT" time="9.332" errors="0">
  <testcase name="coinsAct" time="9.332" classname="com.bluestone.test.CoinsTest"/>
</testsuite> <!-- com.bluestone.test.CoinsTest -->
