<?xml version="1.0" encoding="UTF-8"?>
<!-- Generated by org.testng.reporters.JUnitReportReporter -->
<testsuite skipped="0" name="com.craftsvilla.test.VerifyAddToCartTest" tests="1" failures="0" timestamp="26 Oct 2017 12:33:47 GMT" time="5.080" errors="0">
  <testcase name="testAddToCart" time="5.080" classname="com.craftsvilla.test.VerifyAddToCartTest"/>
</testsuite> <!-- com.craftsvilla.test.VerifyAddToCartTest -->
