<?xml version="1.0" encoding="UTF-8"?>
<!-- Generated by org.testng.reporters.JUnitReportReporter -->
<testsuite skipped="0" name="com.bluestone.test.TryHomeTest" tests="1" failures="0" timestamp="02 Nov 2017 07:42:38 GMT" time="14.140" errors="0">
  <testcase name="tryHome" time="14.140" classname="com.bluestone.test.TryHomeTest"/>
</testsuite> <!-- com.bluestone.test.TryHomeTest -->
